<?xml version="1.0" encoding="UTF-8"?>
<!-- Generated by org.testng.reporters.JUnitXMLReporter -->
<testsuite hostname="DUS92VDC2D15008" name="Test" tests="12" failures="1" timestamp="7 Oct 2015 06:32:09 GMT" time="303.33" errors="0">
  <testcase name="loginUser" time="10.922" classname="com.siebel.mcrmapp.testsuite.GeneralAdministrationTest"/>
  <testcase name="SearchEmployee" time="14.13" classname="com.siebel.mcrmapp.testsuite.GeneralAdministrationTest"/>
  <testcase name="loginTest" time="10.42" classname="com.siebel.mcrmapp.testsuite.GeneralAdministrationTest"/>
  <testcase name="userResponsibilities" time="30.134" classname="com.siebel.mcrmapp.testsuite.GeneralAdministrationTest"/>
  <testcase name="positionPricing" time="18.823" classname="com.siebel.mcrmapp.testsuite.GeneralAdministrationTest"/>
  <testcase name="copyDeleteUser" time="14.484" classname="com.siebel.mcrmapp.testsuite.GeneralAdministrationTest"/>
  <testcase name="userAssignResponsibilityMBBasicAcces" time="31.828" classname="com.siebel.mcrmapp.testsuite.GeneralAdministrationTest"/>
  <testcase name="userAssignResponsibilityAndPosition" time="38.109" classname="com.siebel.mcrmapp.testsuite.GeneralAdministrationTest"/>
  <testcase name="createUser" time="20.955" classname="com.siebel.mcrmapp.testsuite.GeneralAdministrationTest"/>
  <testcase name="verifyCustomerList" time="31.24" classname="com.siebel.mcrmapp.testsuite.GeneralAdministrationTest"/>
  <testcase name="homePage" time="41.426" classname="com.siebel.mcrmapp.testsuite.GeneralAdministrationTest"/>
  <testcase name="loginUserWithoutResposnibility" time="23.08" classname="com.siebel.mcrmapp.testsuite.GeneralAdministrationTest">
    <failure type="java.lang.AssertionError" message="Test Case Fails as &amp;apos;The responsibility of user … does not allow accessing view &amp;apos;User Profile Default View&amp;apos; does not found expected [true] but found [false]">
      <![CDATA[java.lang.AssertionError: Test Case Fails as 'The responsibility of user … does not allow accessing view 'User Profile Default View' does not found expected [true] but found [false]
	at com.siebel.mcrm.main.classes.GeneralAdministration.loginUserWithoutResponsibilities(GeneralAdministration.java:403)
	at com.siebel.mcrmapp.testsuite.GeneralAdministrationTest.loginUserWithoutResposnibility(GeneralAdministrationTest.java:128)
... Removed 27 stack frames]]>
    </failure>
  </testcase> <!-- loginUserWithoutResposnibility -->
</testsuite> <!-- Test -->
